0 info it worked if it ends with ok
1 verbose cli [ '/usr/local/bin/node', '/usr/local/bin/npm', 'start' ]
2 info using npm@3.10.9
3 info using node@v6.9.1
4 verbose run-script [ 'prestart', 'start', 'poststart' ]
5 info lifecycle recipebackend@0.0.0~prestart: recipebackend@0.0.0
6 silly lifecycle recipebackend@0.0.0~prestart: no script for prestart, continuing
7 info lifecycle recipebackend@0.0.0~start: recipebackend@0.0.0
8 verbose lifecycle recipebackend@0.0.0~start: unsafe-perm in lifecycle true
9 verbose lifecycle recipebackend@0.0.0~start: PATH: /usr/local/lib/node_modules/npm/bin/node-gyp-bin:/Users/pieter/Dropbox/hogent/webapps/temp/recipebackend/node_modules/.bin:/usr/local/bin:/usr/bin:/bin:/usr/sbin:/sbin:/usr/local/share/dotnet:/Library/Frameworks/Mono.framework/Versions/Current/Commands:/Users/pieter/localdev/android_dev/:/Users/pieter/Library/Android/sdk//tools:/Users/pieter/Library/Android/sdk//platform-tools:/Users/pieter/Library/Android/sdk/:/Users/pieter/localdev/cocos2d-x-3/templates:/Users/pieter/localdev:/Users/pieter/localdev/cocos2d-x-3/tools/cocos2d-console/bin:/opt/local/bin:/opt/local/sbin:/Users/pieter/scripts:/usr/local/mysql/bin:/Library/Tomcat/Home/bin:/Users/pieter/work/valgrind/inst64/bin:/Users/pieter:/Users/pieter/Qt/5.8/clang_64/bin/
10 verbose lifecycle recipebackend@0.0.0~start: CWD: /Users/pieter/Dropbox/hogent/webapps/temp/recipebackend
11 silly lifecycle recipebackend@0.0.0~start: Args: [ '-c', 'node ./bin/www' ]
12 silly lifecycle recipebackend@0.0.0~start: Returned: code: 1  signal: null
13 info lifecycle recipebackend@0.0.0~start: Failed to exec start script
14 verbose stack Error: recipebackend@0.0.0 start: `node ./bin/www`
14 verbose stack Exit status 1
14 verbose stack     at EventEmitter.<anonymous> (/usr/local/lib/node_modules/npm/lib/utils/lifecycle.js:255:16)
14 verbose stack     at emitTwo (events.js:106:13)
14 verbose stack     at EventEmitter.emit (events.js:191:7)
14 verbose stack     at ChildProcess.<anonymous> (/usr/local/lib/node_modules/npm/lib/utils/spawn.js:40:14)
14 verbose stack     at emitTwo (events.js:106:13)
14 verbose stack     at ChildProcess.emit (events.js:191:7)
14 verbose stack     at maybeClose (internal/child_process.js:877:16)
14 verbose stack     at Process.ChildProcess._handle.onexit (internal/child_process.js:226:5)
15 verbose pkgid recipebackend@0.0.0
16 verbose cwd /Users/pieter/Dropbox/hogent/webapps/temp/recipebackend
17 error Darwin 15.6.0
18 error argv "/usr/local/bin/node" "/usr/local/bin/npm" "start"
19 error node v6.9.1
20 error npm  v3.10.9
21 error code ELIFECYCLE
22 error recipebackend@0.0.0 start: `node ./bin/www`
22 error Exit status 1
23 error Failed at the recipebackend@0.0.0 start script 'node ./bin/www'.
23 error Make sure you have the latest version of node.js and npm installed.
23 error If you do, this is most likely a problem with the recipebackend package,
23 error not with npm itself.
23 error Tell the author that this fails on your system:
23 error     node ./bin/www
23 error You can get information on how to open an issue for this project with:
23 error     npm bugs recipebackend
23 error Or if that isn't available, you can get their info via:
23 error     npm owner ls recipebackend
23 error There is likely additional logging output above.
24 verbose exit [ 1, true ]
